[2026-05-27 16:11:23.074] [info] Loaded model Full_Body_Walking_Model-Scaled_Adjusted from file ..\UF_Subject_4_Scaled_JMP.osim
[2026-05-27 16:11:23.075] [warning] Couldn't find file 'r_pelvis.vtp'.
[2026-05-27 16:11:23.076] [warning] Couldn't find file 'l_pelvis.vtp'.
[2026-05-27 16:11:23.076] [warning] Couldn't find file 'sacrum.vtp'.
[2026-05-27 16:11:23.076] [warning] Couldn't find file 'r_femur.vtp'.
[2026-05-27 16:11:23.076] [warning] Couldn't find file 'r_patella.vtp'.
[2026-05-27 16:11:23.076] [warning] Couldn't find file 'r_tibia.vtp'.
[2026-05-27 16:11:23.077] [warning] Couldn't find file 'r_fibula.vtp'.
[2026-05-27 16:11:23.077] [warning] Couldn't find file 'r_talus.stl'.
[2026-05-27 16:11:23.077] [warning] Couldn't find file 'r_foot.vtp'.
[2026-05-27 16:11:23.077] [warning] Couldn't find file 'r_bofoot.vtp'.
[2026-05-27 16:11:23.077] [warning] Couldn't find file 'l_femur.vtp'.
[2026-05-27 16:11:23.078] [warning] Couldn't find file 'l_patella.vtp'.
[2026-05-27 16:11:23.078] [warning] Couldn't find file 'l_tibia.vtp'.
[2026-05-27 16:11:23.078] [warning] Couldn't find file 'l_fibula.vtp'.
[2026-05-27 16:11:23.078] [warning] Couldn't find file 'l_talus.stl'.
[2026-05-27 16:11:23.078] [warning] Couldn't find file 'l_foot.vtp'.
[2026-05-27 16:11:23.078] [warning] Couldn't find file 'l_bofoot.vtp'.
[2026-05-27 16:11:23.078] [warning] Couldn't find file 'hat_spine.vtp'.
[2026-05-27 16:11:23.078] [warning] Couldn't find file 'hat_jaw.vtp'.
[2026-05-27 16:11:23.079] [warning] Couldn't find file 'hat_skull.vtp'.
[2026-05-27 16:11:23.079] [warning] Couldn't find file 'hat_ribs_scap.vtp'.
[2026-05-27 16:11:23.079] [warning] Couldn't find file 'humerus_rv.vtp'.
[2026-05-27 16:11:23.079] [warning] Couldn't find file 'ulna_rv.vtp'.
[2026-05-27 16:11:23.079] [warning] Couldn't find file 'radius_rv.vtp'.
[2026-05-27 16:11:23.079] [warning] Couldn't find file 'pisiform_rvs.vtp'.
[2026-05-27 16:11:23.079] [warning] Couldn't find file 'lunate_rvs.vtp'.
[2026-05-27 16:11:23.079] [warning] Couldn't find file 'scaphoid_rvs.vtp'.
[2026-05-27 16:11:23.079] [warning] Couldn't find file 'triquetrum_rvs.vtp'.
[2026-05-27 16:11:23.079] [warning] Couldn't find file 'hamate_rvs.vtp'.
[2026-05-27 16:11:23.080] [warning] Couldn't find file 'capitate_rvs.vtp'.
[2026-05-27 16:11:23.080] [warning] Couldn't find file 'trapezoid_rvs.vtp'.
[2026-05-27 16:11:23.080] [warning] Couldn't find file 'trapezium_rvs.vtp'.
[2026-05-27 16:11:23.080] [warning] Couldn't find file 'metacarpal2_rvs.vtp'.
[2026-05-27 16:11:23.080] [warning] Couldn't find file 'index_proximal_rvs.vtp'.
[2026-05-27 16:11:23.080] [warning] Couldn't find file 'index_medial_rvs.vtp'.
[2026-05-27 16:11:23.080] [warning] Couldn't find file 'index_distal_rvs.vtp'.
[2026-05-27 16:11:23.080] [warning] Couldn't find file 'metacarpal3_rvs.vtp'.
[2026-05-27 16:11:23.080] [warning] Couldn't find file 'middle_proximal_rvs.vtp'.
[2026-05-27 16:11:23.080] [warning] Couldn't find file 'middle_medial_rvs.vtp'.
[2026-05-27 16:11:23.080] [warning] Couldn't find file 'middle_distal_rvs.vtp'.
[2026-05-27 16:11:23.081] [warning] Couldn't find file 'metacarpal4_rvs.vtp'.
[2026-05-27 16:11:23.081] [warning] Couldn't find file 'ring_proximal_rvs.vtp'.
[2026-05-27 16:11:23.081] [warning] Couldn't find file 'ring_medial_rvs.vtp'.
[2026-05-27 16:11:23.081] [warning] Couldn't find file 'ring_distal_rvs.vtp'.
[2026-05-27 16:11:23.081] [warning] Couldn't find file 'metacarpal5_rvs.vtp'.
[2026-05-27 16:11:23.081] [warning] Couldn't find file 'little_proximal_rvs.vtp'.
[2026-05-27 16:11:23.081] [warning] Couldn't find file 'little_medial_rvs.vtp'.
[2026-05-27 16:11:23.081] [warning] Couldn't find file 'little_distal_rvs.vtp'.
[2026-05-27 16:11:23.081] [warning] Couldn't find file 'metacarpal1_rvs.vtp'.
[2026-05-27 16:11:23.081] [warning] Couldn't find file 'thumb_proximal_rvs.vtp'.
[2026-05-27 16:11:23.082] [warning] Couldn't find file 'thumb_distal_rvs.vtp'.
[2026-05-27 16:11:23.082] [warning] Couldn't find file 'humerus_lv.vtp'.
[2026-05-27 16:11:23.082] [warning] Couldn't find file 'ulna_lv.vtp'.
[2026-05-27 16:11:23.082] [warning] Couldn't find file 'radius_lv.vtp'.
[2026-05-27 16:11:23.082] [warning] Couldn't find file 'pisiform_lvs.vtp'.
[2026-05-27 16:11:23.082] [warning] Couldn't find file 'lunate_lvs.vtp'.
[2026-05-27 16:11:23.082] [warning] Couldn't find file 'scaphoid_lvs.vtp'.
[2026-05-27 16:11:23.082] [warning] Couldn't find file 'triquetrum_lvs.vtp'.
[2026-05-27 16:11:23.083] [warning] Couldn't find file 'hamate_lvs.vtp'.
[2026-05-27 16:11:23.083] [warning] Couldn't find file 'capitate_lvs.vtp'.
[2026-05-27 16:11:23.083] [warning] Couldn't find file 'trapezoid_lvs.vtp'.
[2026-05-27 16:11:23.083] [warning] Couldn't find file 'trapezium_lvs.vtp'.
[2026-05-27 16:11:23.083] [warning] Couldn't find file 'metacarpal2_lvs.vtp'.
[2026-05-27 16:11:23.083] [warning] Couldn't find file 'index_proximal_lvs.vtp'.
[2026-05-27 16:11:23.083] [warning] Couldn't find file 'index_medial_lvs.vtp'.
[2026-05-27 16:11:23.083] [warning] Couldn't find file 'index_distal_lvs.vtp'.
[2026-05-27 16:11:23.083] [warning] Couldn't find file 'metacarpal3_lvs.vtp'.
[2026-05-27 16:11:23.083] [warning] Couldn't find file 'middle_proximal_lvs.vtp'.
[2026-05-27 16:11:23.084] [warning] Couldn't find file 'middle_medial_lvs.vtp'.
[2026-05-27 16:11:23.084] [warning] Couldn't find file 'middle_distal_lvs.vtp'.
[2026-05-27 16:11:23.084] [warning] Couldn't find file 'metacarpal4_lvs.vtp'.
[2026-05-27 16:11:23.085] [warning] Couldn't find file 'ring_proximal_lvs.vtp'.
[2026-05-27 16:11:23.085] [warning] Couldn't find file 'ring_medial_lvs.vtp'.
[2026-05-27 16:11:23.085] [warning] Couldn't find file 'ring_distal_lvs.vtp'.
[2026-05-27 16:11:23.085] [warning] Couldn't find file 'metacarpal5_lvs.vtp'.
[2026-05-27 16:11:23.086] [warning] Couldn't find file 'little_proximal_lvs.vtp'.
[2026-05-27 16:11:23.086] [warning] Couldn't find file 'little_medial_lvs.vtp'.
[2026-05-27 16:11:23.086] [warning] Couldn't find file 'little_distal_lvs.vtp'.
[2026-05-27 16:11:23.086] [warning] Couldn't find file 'metacarpal1_lvs.vtp'.
[2026-05-27 16:11:23.086] [warning] Couldn't find file 'thumb_proximal_lvs.vtp'.
[2026-05-27 16:11:23.086] [warning] Couldn't find file 'thumb_distal_lvs.vtp'.
[2026-05-27 16:12:18.453] [info] Loaded model Full_Body_Walking_Model-Scaled_Adjusted from file ..\UF_Subject_4_Scaled_JMP.osim
[2026-05-27 16:12:18.454] [warning] Couldn't find file 'r_pelvis.vtp'.
[2026-05-27 16:12:18.454] [warning] Couldn't find file 'l_pelvis.vtp'.
[2026-05-27 16:12:18.454] [warning] Couldn't find file 'sacrum.vtp'.
[2026-05-27 16:12:18.454] [warning] Couldn't find file 'r_femur.vtp'.
[2026-05-27 16:12:18.454] [warning] Couldn't find file 'r_patella.vtp'.
[2026-05-27 16:12:18.455] [warning] Couldn't find file 'r_tibia.vtp'.
[2026-05-27 16:12:18.455] [warning] Couldn't find file 'r_fibula.vtp'.
[2026-05-27 16:12:18.455] [warning] Couldn't find file 'r_talus.stl'.
[2026-05-27 16:12:18.455] [warning] Couldn't find file 'r_foot.vtp'.
[2026-05-27 16:12:18.455] [warning] Couldn't find file 'r_bofoot.vtp'.
[2026-05-27 16:12:18.455] [warning] Couldn't find file 'l_femur.vtp'.
[2026-05-27 16:12:18.455] [warning] Couldn't find file 'l_patella.vtp'.
[2026-05-27 16:12:18.455] [warning] Couldn't find file 'l_tibia.vtp'.
[2026-05-27 16:12:18.455] [warning] Couldn't find file 'l_fibula.vtp'.
[2026-05-27 16:12:18.455] [warning] Couldn't find file 'l_talus.stl'.
[2026-05-27 16:12:18.456] [warning] Couldn't find file 'l_foot.vtp'.
[2026-05-27 16:12:18.456] [warning] Couldn't find file 'l_bofoot.vtp'.
[2026-05-27 16:12:18.456] [warning] Couldn't find file 'hat_spine.vtp'.
[2026-05-27 16:12:18.456] [warning] Couldn't find file 'hat_jaw.vtp'.
[2026-05-27 16:12:18.456] [warning] Couldn't find file 'hat_skull.vtp'.
[2026-05-27 16:12:18.456] [warning] Couldn't find file 'hat_ribs_scap.vtp'.
[2026-05-27 16:12:18.456] [warning] Couldn't find file 'humerus_rv.vtp'.
[2026-05-27 16:12:18.456] [warning] Couldn't find file 'ulna_rv.vtp'.
[2026-05-27 16:12:18.456] [warning] Couldn't find file 'radius_rv.vtp'.
[2026-05-27 16:12:18.456] [warning] Couldn't find file 'pisiform_rvs.vtp'.
[2026-05-27 16:12:18.457] [warning] Couldn't find file 'lunate_rvs.vtp'.
[2026-05-27 16:12:18.457] [warning] Couldn't find file 'scaphoid_rvs.vtp'.
[2026-05-27 16:12:18.457] [warning] Couldn't find file 'triquetrum_rvs.vtp'.
[2026-05-27 16:12:18.457] [warning] Couldn't find file 'hamate_rvs.vtp'.
[2026-05-27 16:12:18.457] [warning] Couldn't find file 'capitate_rvs.vtp'.
[2026-05-27 16:12:18.457] [warning] Couldn't find file 'trapezoid_rvs.vtp'.
[2026-05-27 16:12:18.457] [warning] Couldn't find file 'trapezium_rvs.vtp'.
[2026-05-27 16:12:18.457] [warning] Couldn't find file 'metacarpal2_rvs.vtp'.
[2026-05-27 16:12:18.457] [warning] Couldn't find file 'index_proximal_rvs.vtp'.
[2026-05-27 16:12:18.457] [warning] Couldn't find file 'index_medial_rvs.vtp'.
[2026-05-27 16:12:18.457] [warning] Couldn't find file 'index_distal_rvs.vtp'.
[2026-05-27 16:12:18.458] [warning] Couldn't find file 'metacarpal3_rvs.vtp'.
[2026-05-27 16:12:18.458] [warning] Couldn't find file 'middle_proximal_rvs.vtp'.
[2026-05-27 16:12:18.458] [warning] Couldn't find file 'middle_medial_rvs.vtp'.
[2026-05-27 16:12:18.458] [warning] Couldn't find file 'middle_distal_rvs.vtp'.
[2026-05-27 16:12:18.458] [warning] Couldn't find file 'metacarpal4_rvs.vtp'.
[2026-05-27 16:12:18.458] [warning] Couldn't find file 'ring_proximal_rvs.vtp'.
[2026-05-27 16:12:18.458] [warning] Couldn't find file 'ring_medial_rvs.vtp'.
[2026-05-27 16:12:18.458] [warning] Couldn't find file 'ring_distal_rvs.vtp'.
[2026-05-27 16:12:18.458] [warning] Couldn't find file 'metacarpal5_rvs.vtp'.
[2026-05-27 16:12:18.458] [warning] Couldn't find file 'little_proximal_rvs.vtp'.
[2026-05-27 16:12:18.458] [warning] Couldn't find file 'little_medial_rvs.vtp'.
[2026-05-27 16:12:18.458] [warning] Couldn't find file 'little_distal_rvs.vtp'.
[2026-05-27 16:12:18.459] [warning] Couldn't find file 'metacarpal1_rvs.vtp'.
[2026-05-27 16:12:18.459] [warning] Couldn't find file 'thumb_proximal_rvs.vtp'.
[2026-05-27 16:12:18.459] [warning] Couldn't find file 'thumb_distal_rvs.vtp'.
[2026-05-27 16:12:18.459] [warning] Couldn't find file 'humerus_lv.vtp'.
[2026-05-27 16:12:18.459] [warning] Couldn't find file 'ulna_lv.vtp'.
[2026-05-27 16:12:18.459] [warning] Couldn't find file 'radius_lv.vtp'.
[2026-05-27 16:12:18.459] [warning] Couldn't find file 'pisiform_lvs.vtp'.
[2026-05-27 16:12:18.459] [warning] Couldn't find file 'lunate_lvs.vtp'.
[2026-05-27 16:12:18.459] [warning] Couldn't find file 'scaphoid_lvs.vtp'.
[2026-05-27 16:12:18.459] [warning] Couldn't find file 'triquetrum_lvs.vtp'.
[2026-05-27 16:12:18.459] [warning] Couldn't find file 'hamate_lvs.vtp'.
[2026-05-27 16:12:18.460] [warning] Couldn't find file 'capitate_lvs.vtp'.
[2026-05-27 16:12:18.460] [warning] Couldn't find file 'trapezoid_lvs.vtp'.
[2026-05-27 16:12:18.460] [warning] Couldn't find file 'trapezium_lvs.vtp'.
[2026-05-27 16:12:18.460] [warning] Couldn't find file 'metacarpal2_lvs.vtp'.
[2026-05-27 16:12:18.460] [warning] Couldn't find file 'index_proximal_lvs.vtp'.
[2026-05-27 16:12:18.460] [warning] Couldn't find file 'index_medial_lvs.vtp'.
[2026-05-27 16:12:18.460] [warning] Couldn't find file 'index_distal_lvs.vtp'.
[2026-05-27 16:12:18.460] [warning] Couldn't find file 'metacarpal3_lvs.vtp'.
[2026-05-27 16:12:18.460] [warning] Couldn't find file 'middle_proximal_lvs.vtp'.
[2026-05-27 16:12:18.460] [warning] Couldn't find file 'middle_medial_lvs.vtp'.
[2026-05-27 16:12:18.460] [warning] Couldn't find file 'middle_distal_lvs.vtp'.
[2026-05-27 16:12:18.461] [warning] Couldn't find file 'metacarpal4_lvs.vtp'.
[2026-05-27 16:12:18.461] [warning] Couldn't find file 'ring_proximal_lvs.vtp'.
[2026-05-27 16:12:18.461] [warning] Couldn't find file 'ring_medial_lvs.vtp'.
[2026-05-27 16:12:18.461] [warning] Couldn't find file 'ring_distal_lvs.vtp'.
[2026-05-27 16:12:18.461] [warning] Couldn't find file 'metacarpal5_lvs.vtp'.
[2026-05-27 16:12:18.461] [warning] Couldn't find file 'little_proximal_lvs.vtp'.
[2026-05-27 16:12:18.461] [warning] Couldn't find file 'little_medial_lvs.vtp'.
[2026-05-27 16:12:18.461] [warning] Couldn't find file 'little_distal_lvs.vtp'.
[2026-05-27 16:12:18.461] [warning] Couldn't find file 'metacarpal1_lvs.vtp'.
[2026-05-27 16:12:18.461] [warning] Couldn't find file 'thumb_proximal_lvs.vtp'.
[2026-05-27 16:12:18.461] [warning] Couldn't find file 'thumb_distal_lvs.vtp'.
